Using pre-set license
Built from '2020.3/staging' branch; Version is '2020.3.14f1 (d0d1bb862f9d) revision 13685179'; Using compiler version '192528614'; Build Type 'Release'
OS: 'Windows 10 Home; OS build 19042.1348; Version 2009; 64bit' Language: 'en' Physical Memory: 16316 MB
BatchMode: 1, IsHumanControllingUs: 0, StartBugReporterOnCrash: 0, Is64bit: 1, IsPro: 0

 COMMAND LINE ARGUMENTS:
D:\Unity\2020.3.14f1\Editor\Unity.exe
-adb2
-batchMode
-noUpm
-name
AssetImportWorker0
-projectPath
C:/Users/fayos/Desktop/Mesa College/Unity Assests/Mult154_BeachBoySmall
-logFile
Logs/AssetImportWorker0.log
-srvPort
62920
Successfully changed project path to: C:/Users/fayos/Desktop/Mesa College/Unity Assests/Mult154_BeachBoySmall
C:/Users/fayos/Desktop/Mesa College/Unity Assests/Mult154_BeachBoySmall
Using Asset Import Pipeline V2.
Refreshing native plugins compatible for Editor in 52.54 ms, found 4 plugins.
Preloading 0 native plugins for Editor in 0.00 ms.
Initialize engine version: 2020.3.14f1 (d0d1bb862f9d)
[Subsystems] Discovering subsystems at path D:/Unity/2020.3.14f1/Editor/Data/Resources/UnitySubsystems
[Subsystems] Discovering subsystems at path C:/Users/fayos/Desktop/Mesa College/Unity Assests/Mult154_BeachBoySmall/Assets
GfxDevice: creating device client; threaded=0
Direct3D:
    Version:  Direct3D 11.0 [level 11.1]
    Renderer: NVIDIA GeForce GTX 1660 SUPER (ID=0x21c4)
    Vendor:   
    VRAM:     5991 MB
    Driver:   30.0.14.9649
Shader 'Universal Render Pipeline/Particles/Lit': fallback shader 'Universal Render Pipeline/Particles/SimpleLit' not found
Initialize mono
Mono path[0] = 'D:/Unity/2020.3.14f1/Editor/Data/Managed'
Mono path[1] = 'D:/Unity/2020.3.14f1/Editor/Data/MonoBleedingEdge/lib/mono/unityjit'
Mono config path = 'D:/Unity/2020.3.14f1/Editor/Data/MonoBleedingEdge/etc'
Using monoOptions --debugger-agent=transport=dt_socket,embedding=1,server=y,suspend=n,address=127.0.0.1:56200
Begin MonoManager ReloadAssembly
Registering precompiled unity dll's ...
Register platform support module: D:/Unity/2020.3.14f1/Editor/Data/PlaybackEngines/WebGLSupport/UnityEditor.WebGL.Extensions.dll
Register platform support module: D:/Unity/2020.3.14f1/Editor/Data/PlaybackEngines/WindowsStandaloneSupport/UnityEditor.WindowsStandalone.Extensions.dll
Registered in 0.001463 seconds.
Native extension for WindowsStandalone target not found
Native extension for WebGL target not found
Refreshing native plugins compatible for Editor in 46.72 ms, found 4 plugins.
Preloading 0 native plugins for Editor in 0.00 ms.
Mono: successfully reloaded assembly
- Completed reload, in  0.965 seconds
Domain Reload Profiling:
	ReloadAssembly (965ms)
		BeginReloadAssembly (48ms)
			ExecutionOrderSort (0ms)
			DisableScriptedObjects (0ms)
			BackupInstance (0ms)
			ReleaseScriptingObjects (0ms)
			CreateAndSetChildDomain (1ms)
		EndReloadAssembly (416ms)
			LoadAssemblies (48ms)
			RebuildTransferFunctionScriptingTraits (0ms)
			SetupTypeCache (151ms)
			ReleaseScriptCaches (0ms)
			RebuildScriptCaches (31ms)
			SetupLoadedEditorAssemblies (165ms)
				LogAssemblyErrors (0ms)
				InitializePlatformSupportModulesInManaged (4ms)
				SetLoadedEditorAssemblies (0ms)
				RefreshPlugins (47ms)
				BeforeProcessingInitializeOnLoad (13ms)
				ProcessInitializeOnLoadAttributes (75ms)
				ProcessInitializeOnLoadMethodAttributes (25ms)
				AfterProcessingInitializeOnLoad (0ms)
				EditorAssembliesLoaded (0ms)
			ExecutionOrderSort2 (0ms)
			AwakeInstancesAfterBackupRestoration (0ms)
Platform modules already initialized, skipping
Registering precompiled user dll's ...
Registered in 0.010445 seconds.
Begin MonoManager ReloadAssembly
Native extension for WindowsStandalone target not found
Native extension for WebGL target not found
Refreshing native plugins compatible for Editor in 47.31 ms, found 4 plugins.
Preloading 0 native plugins for Editor in 0.00 ms.
Mono: successfully reloaded assembly
- Completed reload, in  1.160 seconds
Domain Reload Profiling:
	ReloadAssembly (1161ms)
		BeginReloadAssembly (139ms)
			ExecutionOrderSort (0ms)
			DisableScriptedObjects (5ms)
			BackupInstance (0ms)
			ReleaseScriptingObjects (0ms)
			CreateAndSetChildDomain (18ms)
		EndReloadAssembly (967ms)
			LoadAssemblies (94ms)
			RebuildTransferFunctionScriptingTraits (0ms)
			SetupTypeCache (334ms)
			ReleaseScriptCaches (1ms)
			RebuildScriptCaches (49ms)
			SetupLoadedEditorAssemblies (364ms)
				LogAssemblyErrors (0ms)
				InitializePlatformSupportModulesInManaged (5ms)
				SetLoadedEditorAssemblies (0ms)
				RefreshPlugins (47ms)
				BeforeProcessingInitializeOnLoad (96ms)
				ProcessInitializeOnLoadAttributes (208ms)
				ProcessInitializeOnLoadMethodAttributes (4ms)
				AfterProcessingInitializeOnLoad (2ms)
				EditorAssembliesLoaded (0ms)
			ExecutionOrderSort2 (0ms)
			AwakeInstancesAfterBackupRestoration (6ms)
Platform modules already initialized, skipping
========================================================================
Worker process is ready to serve import requests
Shader 'Universal Render Pipeline/Particles/Lit': fallback shader 'Universal Render Pipeline/Particles/SimpleLit' not found
Launched and connected shader compiler UnityShaderCompiler.exe after 0.09 seconds
Refreshing native plugins compatible for Editor in 0.56 ms, found 4 plugins.
Preloading 0 native plugins for Editor in 0.00 ms.
Unloading 2730 Unused Serialized files (Serialized files now loaded: 0)
System memory in use before: 124.5 MB.
System memory in use after: 124.7 MB.

Unloading 36 unused Assets to reduce memory usage. Loaded Objects now: 3190.
Total: 2.419500 ms (FindLiveObjects: 0.249800 ms CreateObjectMapping: 0.119400 ms MarkObjects: 1.974800 ms  DeleteObjects: 0.074400 ms)

AssetImportParameters requested are different than current active one (requested -> active):
  custom:framework-win-MediaFoundation: 216162199b28c13a410421893ffa2e32 -> 
  custom:video-decoder-ogg-theora: a1e56fd34408186e4bbccfd4996cb3dc -> 
  custom:container-muxer-webm: aa71ff27fc2769a1b78a27578f13a17b -> 
  custom:container-demuxer-webm: 4f35f7cbe854078d1ac9338744f61a02 -> 
  custom:container-demuxer-ogg: 62fdf1f143b41e24485cea50d1cbac27 -> 
  custom:video-encoder-webm-vp8: eb34c28f22e8b96e1ab97ce403110664 -> 
  custom:video-decoder-webm-vp8: 9c59270c3fd7afecdb556c50c9e8de78 -> 
  custom:audio-decoder-ogg-vorbis: bf7c407c2cedff20999df2af8eb42d56 -> 
  custom:audio-encoder-webm-vorbis: bf7c407c2cedff20999df2af8eb42d56 -> 
========================================================================
Received Import Request.
  path: Assets
  artifactKey: Guid(00000000000000001000000000000000) Importer(815301076,1909f56bfc062723c751e8b465ee728b)
Start importing Assets using Guid(00000000000000001000000000000000) Importer(815301076,1909f56bfc062723c751e8b465ee728b)  -> (artifact id: '42d402b061de3733987d63b9cc3b64de') in 0.009416 seconds 
  Import took 0.013793 seconds .

========================================================================
Received Import Request.
  Time since last request: 1.755351 seconds.
  path: Assets/Shader
  artifactKey: Guid(6f58a584b2d9a774eaf9c80cdbce93c1) Importer(815301076,1909f56bfc062723c751e8b465ee728b)
Start importing Assets/Shader using Guid(6f58a584b2d9a774eaf9c80cdbce93c1) Importer(815301076,1909f56bfc062723c751e8b465ee728b)  -> (artifact id: '0bb65bf6369f13a0e7f899178d991b0d') in 0.006676 seconds 
  Import took 0.012389 seconds .

========================================================================
Received Prepare
Registering precompiled user dll's ...
Registered in 0.016084 seconds.
Begin MonoManager ReloadAssembly
Native extension for WindowsStandalone target not found
Native extension for WebGL target not found
Refreshing native plugins compatible for Editor in 1.42 ms, found 4 plugins.
Preloading 0 native plugins for Editor in 0.00 ms.
Mono: successfully reloaded assembly
- Completed reload, in  1.970 seconds
Domain Reload Profiling:
	ReloadAssembly (1970ms)
		BeginReloadAssembly (260ms)
			ExecutionOrderSort (0ms)
			DisableScriptedObjects (7ms)
			BackupInstance (0ms)
			ReleaseScriptingObjects (0ms)
			CreateAndSetChildDomain (107ms)
		EndReloadAssembly (1629ms)
			LoadAssemblies (206ms)
			RebuildTransferFunctionScriptingTraits (0ms)
			SetupTypeCache (482ms)
			ReleaseScriptCaches (2ms)
			RebuildScriptCaches (104ms)
			SetupLoadedEditorAssemblies (715ms)
				LogAssemblyErrors (0ms)
				InitializePlatformSupportModulesInManaged (7ms)
				SetLoadedEditorAssemblies (1ms)
				RefreshPlugins (2ms)
				BeforeProcessingInitializeOnLoad (264ms)
				ProcessInitializeOnLoadAttributes (433ms)
				ProcessInitializeOnLoadMethodAttributes (5ms)
				AfterProcessingInitializeOnLoad (4ms)
				EditorAssembliesLoaded (0ms)
			ExecutionOrderSort2 (0ms)
			AwakeInstancesAfterBackupRestoration (12ms)
Platform modules already initialized, skipping
Shader 'Universal Render Pipeline/Particles/Lit': fallback shader 'Universal Render Pipeline/Particles/SimpleLit' not found
Refreshing native plugins compatible for Editor in 0.60 ms, found 4 plugins.
Preloading 0 native plugins for Editor in 0.00 ms.
Unloading 2620 Unused Serialized files (Serialized files now loaded: 0)
System memory in use before: 117.4 MB.
System memory in use after: 117.7 MB.

Unloading 31 unused Assets to reduce memory usage. Loaded Objects now: 3193.
Total: 6.041000 ms (FindLiveObjects: 0.430400 ms CreateObjectMapping: 0.171400 ms MarkObjects: 5.385500 ms  DeleteObjects: 0.052000 ms)

AssetImportParameters requested are different than current active one (requested -> active):
  custom:framework-win-MediaFoundation: 216162199b28c13a410421893ffa2e32 -> 
  custom:video-decoder-ogg-theora: a1e56fd34408186e4bbccfd4996cb3dc -> 
  custom:container-muxer-webm: aa71ff27fc2769a1b78a27578f13a17b -> 
  custom:container-demuxer-webm: 4f35f7cbe854078d1ac9338744f61a02 -> 
  custom:container-demuxer-ogg: 62fdf1f143b41e24485cea50d1cbac27 -> 
  custom:video-encoder-webm-vp8: eb34c28f22e8b96e1ab97ce403110664 -> 
  custom:video-decoder-webm-vp8: 9c59270c3fd7afecdb556c50c9e8de78 -> 
  custom:audio-decoder-ogg-vorbis: bf7c407c2cedff20999df2af8eb42d56 -> 
  custom:audio-encoder-webm-vorbis: bf7c407c2cedff20999df2af8eb42d56 -> 
========================================================================
Received Import Request.
  Time since last request: 177.566624 seconds.
  path: Assets/Shader/WaterShader.shadergraph
  artifactKey: Guid(4c8da5e76667ac24eb11745bfff4c23c) Importer(815301076,1909f56bfc062723c751e8b465ee728b)
Start importing Assets/Shader/WaterShader.shadergraph using Guid(4c8da5e76667ac24eb11745bfff4c23c) Importer(815301076,1909f56bfc062723c751e8b465ee728b)  -> (artifact id: '0026163b36867354722db23fedf0d8a8') in 0.057651 seconds 
  Import took 0.062633 seconds .

========================================================================
Received Import Request.
  Time since last request: 0.621799 seconds.
  path: Assets/Shader/WaterShader.shadergraph
  artifactKey: Guid(4c8da5e76667ac24eb11745bfff4c23c) Importer(815301076,1909f56bfc062723c751e8b465ee728b)
Start importing Assets/Shader/WaterShader.shadergraph using Guid(4c8da5e76667ac24eb11745bfff4c23c) Importer(815301076,1909f56bfc062723c751e8b465ee728b)  -> (artifact id: '0026163b36867354722db23fedf0d8a8') in 0.008100 seconds 
  Import took 0.015605 seconds .

========================================================================
Received Import Request.
  Time since last request: 19.299134 seconds.
  path: Assets/Shader/WaterMat.mat
  artifactKey: Guid(d3ec015cfba62f540a1ae4d1e0f9cf98) Importer(815301076,1909f56bfc062723c751e8b465ee728b)
Start importing Assets/Shader/WaterMat.mat using Guid(d3ec015cfba62f540a1ae4d1e0f9cf98) Importer(815301076,1909f56bfc062723c751e8b465ee728b)  -> (artifact id: '5f4e2014ee898e74c5b8df76c229ff21') in 0.202204 seconds 
  Import took 0.209780 seconds .

========================================================================
Received Import Request.
  Time since last request: 194.759298 seconds.
  path: Assets/Shader/WaterShader.shadergraph
  artifactKey: Guid(4c8da5e76667ac24eb11745bfff4c23c) Importer(815301076,1909f56bfc062723c751e8b465ee728b)
Start importing Assets/Shader/WaterShader.shadergraph using Guid(4c8da5e76667ac24eb11745bfff4c23c) Importer(815301076,1909f56bfc062723c751e8b465ee728b)  -> (artifact id: '0522774dadc29f9a9242fa2c553b9fdc') in 0.015536 seconds 
  Import took 0.044919 seconds .

========================================================================
Received Import Request.
  Time since last request: 399.863193 seconds.
  path: Assets/Shader/WaterShader.shadergraph
  artifactKey: Guid(4c8da5e76667ac24eb11745bfff4c23c) Importer(815301076,1909f56bfc062723c751e8b465ee728b)
Start importing Assets/Shader/WaterShader.shadergraph using Guid(4c8da5e76667ac24eb11745bfff4c23c) Importer(815301076,1909f56bfc062723c751e8b465ee728b)  -> (artifact id: '74459162a4dab8d097dca28d57f48dc8') in 0.036839 seconds 
  Import took 0.069240 seconds .

========================================================================
Received Import Request.
  Time since last request: 88.141186 seconds.
  path: Assets/Shader/WaterMat.mat
  artifactKey: Guid(d3ec015cfba62f540a1ae4d1e0f9cf98) Importer(815301076,1909f56bfc062723c751e8b465ee728b)
Start importing Assets/Shader/WaterMat.mat using Guid(d3ec015cfba62f540a1ae4d1e0f9cf98) Importer(815301076,1909f56bfc062723c751e8b465ee728b)  -> (artifact id: '745ebe2cc5f0cc0795b24a86d9cea546') in 0.036351 seconds 
  Import took 0.041651 seconds .

========================================================================
Received Import Request.
  Time since last request: 153.424549 seconds.
  path: Assets/Shader/WaterShader.shadergraph
  artifactKey: Guid(4c8da5e76667ac24eb11745bfff4c23c) Importer(815301076,1909f56bfc062723c751e8b465ee728b)
Start importing Assets/Shader/WaterShader.shadergraph using Guid(4c8da5e76667ac24eb11745bfff4c23c) Importer(815301076,1909f56bfc062723c751e8b465ee728b)  -> (artifact id: 'f5a452d9d6a0ca6fa37087d9b8680fdd') in 0.145800 seconds 
  Import took 0.155753 seconds .

========================================================================
Received Import Request.
  Time since last request: 166.873161 seconds.
  path: Assets/Shader/WaterShader.shadergraph
  artifactKey: Guid(4c8da5e76667ac24eb11745bfff4c23c) Importer(815301076,1909f56bfc062723c751e8b465ee728b)
Start importing Assets/Shader/WaterShader.shadergraph using Guid(4c8da5e76667ac24eb11745bfff4c23c) Importer(815301076,1909f56bfc062723c751e8b465ee728b)  -> (artifact id: '5a8712a57ece040372d127e985a552e7') in 0.139363 seconds 
  Import took 0.162614 seconds .

========================================================================
Received Import Request.
  Time since last request: 9.462808 seconds.
  path: Assets/Shader/WaterShader.shadergraph
  artifactKey: Guid(4c8da5e76667ac24eb11745bfff4c23c) Importer(815301076,1909f56bfc062723c751e8b465ee728b)
Start importing Assets/Shader/WaterShader.shadergraph using Guid(4c8da5e76667ac24eb11745bfff4c23c) Importer(815301076,1909f56bfc062723c751e8b465ee728b)  -> (artifact id: '937ef057d7286f81810146a2f1c54368') in 0.009352 seconds 
  Import took 0.014327 seconds .

========================================================================
Received Import Request.
  Time since last request: 129.617402 seconds.
  path: Assets/Shader/WaterShader.shadergraph
  artifactKey: Guid(4c8da5e76667ac24eb11745bfff4c23c) Importer(815301076,1909f56bfc062723c751e8b465ee728b)
Start importing Assets/Shader/WaterShader.shadergraph using Guid(4c8da5e76667ac24eb11745bfff4c23c) Importer(815301076,1909f56bfc062723c751e8b465ee728b)  -> (artifact id: 'bc0abad188728791a926c436468a479e') in 0.143059 seconds 
  Import took 0.158692 seconds .

========================================================================
Received Import Request.
  Time since last request: 32.716594 seconds.
  path: Assets/Shader/WaterMat.mat
  artifactKey: Guid(d3ec015cfba62f540a1ae4d1e0f9cf98) Importer(815301076,1909f56bfc062723c751e8b465ee728b)
Start importing Assets/Shader/WaterMat.mat using Guid(d3ec015cfba62f540a1ae4d1e0f9cf98) Importer(815301076,1909f56bfc062723c751e8b465ee728b)  -> (artifact id: '531624c5edc6515bccd345a5708a1856') in 0.045549 seconds 
  Import took 0.053133 seconds .

========================================================================
Received Import Request.
  Time since last request: 77.722905 seconds.
  path: Assets/Shader/WaterMat.mat
  artifactKey: Guid(d3ec015cfba62f540a1ae4d1e0f9cf98) Importer(815301076,1909f56bfc062723c751e8b465ee728b)
Start importing Assets/Shader/WaterMat.mat using Guid(d3ec015cfba62f540a1ae4d1e0f9cf98) Importer(815301076,1909f56bfc062723c751e8b465ee728b)  -> (artifact id: '0da898fa38e54d7763bd3541c2d6a2f5') in 0.026716 seconds 
  Import took 0.036021 seconds .

========================================================================
Received Import Request.
  Time since last request: 78.183318 seconds.
  path: Assets/Shader/WaterShader.shadergraph
  artifactKey: Guid(4c8da5e76667ac24eb11745bfff4c23c) Importer(815301076,1909f56bfc062723c751e8b465ee728b)
Start importing Assets/Shader/WaterShader.shadergraph using Guid(4c8da5e76667ac24eb11745bfff4c23c) Importer(815301076,1909f56bfc062723c751e8b465ee728b)  -> (artifact id: 'd7c88dba04ba2c3ecff3397e199e7d66') in 0.008162 seconds 
  Import took 0.016917 seconds .

========================================================================
Received Import Request.
  Time since last request: 15.655574 seconds.
  path: Assets/Shader/Shaderrr.cs
  artifactKey: Guid(539a935c29d518a49b0b67dd14bd1a25) Importer(815301076,1909f56bfc062723c751e8b465ee728b)
Start importing Assets/Shader/Shaderrr.cs using Guid(539a935c29d518a49b0b67dd14bd1a25) Importer(815301076,1909f56bfc062723c751e8b465ee728b)  -> (artifact id: 'db0ce8930e1e8223dd79890aafcbc48f') in 0.032743 seconds 
  Import took 0.047218 seconds .

========================================================================
Received Prepare
Registering precompiled user dll's ...
Registered in 0.014101 seconds.
Begin MonoManager ReloadAssembly
Native extension for WindowsStandalone target not found
Native extension for WebGL target not found
Refreshing native plugins compatible for Editor in 0.79 ms, found 4 plugins.
Preloading 0 native plugins for Editor in 0.00 ms.
Mono: successfully reloaded assembly
- Completed reload, in  1.359 seconds
Domain Reload Profiling:
	ReloadAssembly (1359ms)
		BeginReloadAssembly (169ms)
			ExecutionOrderSort (0ms)
			DisableScriptedObjects (10ms)
			BackupInstance (0ms)
			ReleaseScriptingObjects (0ms)
			CreateAndSetChildDomain (61ms)
		EndReloadAssembly (1120ms)
			LoadAssemblies (118ms)
			RebuildTransferFunctionScriptingTraits (0ms)
			SetupTypeCache (398ms)
			ReleaseScriptCaches (2ms)
			RebuildScriptCaches (51ms)
			SetupLoadedEditorAssemblies (389ms)
				LogAssemblyErrors (0ms)
				InitializePlatformSupportModulesInManaged (7ms)
				SetLoadedEditorAssemblies (0ms)
				RefreshPlugins (1ms)
				BeforeProcessingInitializeOnLoad (110ms)
				ProcessInitializeOnLoadAttributes (263ms)
				ProcessInitializeOnLoadMethodAttributes (4ms)
				AfterProcessingInitializeOnLoad (3ms)
				EditorAssembliesLoaded (0ms)
			ExecutionOrderSort2 (0ms)
			AwakeInstancesAfterBackupRestoration (18ms)
Platform modules already initialized, skipping
Shader 'Universal Render Pipeline/Particles/Lit': fallback shader 'Universal Render Pipeline/Particles/SimpleLit' not found
Refreshing native plugins compatible for Editor in 0.69 ms, found 4 plugins.
Preloading 0 native plugins for Editor in 0.00 ms.
Unloading 2622 Unused Serialized files (Serialized files now loaded: 0)
System memory in use before: 123.7 MB.
System memory in use after: 123.9 MB.

Unloading 31 unused Assets to reduce memory usage. Loaded Objects now: 3276.
Total: 3.326100 ms (FindLiveObjects: 0.403700 ms CreateObjectMapping: 0.327300 ms MarkObjects: 2.560400 ms  DeleteObjects: 0.033500 ms)

AssetImportParameters requested are different than current active one (requested -> active):
  custom:framework-win-MediaFoundation: 216162199b28c13a410421893ffa2e32 -> 
  custom:video-decoder-ogg-theora: a1e56fd34408186e4bbccfd4996cb3dc -> 
  custom:container-muxer-webm: aa71ff27fc2769a1b78a27578f13a17b -> 
  custom:container-demuxer-webm: 4f35f7cbe854078d1ac9338744f61a02 -> 
  custom:container-demuxer-ogg: 62fdf1f143b41e24485cea50d1cbac27 -> 
  custom:video-encoder-webm-vp8: eb34c28f22e8b96e1ab97ce403110664 -> 
  custom:video-decoder-webm-vp8: 9c59270c3fd7afecdb556c50c9e8de78 -> 
  custom:audio-decoder-ogg-vorbis: bf7c407c2cedff20999df2af8eb42d56 -> 
  custom:audio-encoder-webm-vorbis: bf7c407c2cedff20999df2af8eb42d56 -> 
========================================================================
Received Import Request.
  Time since last request: 14.316197 seconds.
  path: Assets/Shader/New Shader Graph.shadergraph
  artifactKey: Guid(877e3dd1294df704c89a0aadc5bf0e95) Importer(815301076,1909f56bfc062723c751e8b465ee728b)
Start importing Assets/Shader/New Shader Graph.shadergraph using Guid(877e3dd1294df704c89a0aadc5bf0e95) Importer(815301076,1909f56bfc062723c751e8b465ee728b)  -> (artifact id: '2207b178da33c909ff7250c12a705da5') in 0.059717 seconds 
  Import took 0.071296 seconds .

========================================================================
Received Import Request.
  Time since last request: 7.092396 seconds.
  path: Assets/Shader/TEST.shadergraph
  artifactKey: Guid(877e3dd1294df704c89a0aadc5bf0e95) Importer(815301076,1909f56bfc062723c751e8b465ee728b)
Start importing Assets/Shader/TEST.shadergraph using Guid(877e3dd1294df704c89a0aadc5bf0e95) Importer(815301076,1909f56bfc062723c751e8b465ee728b)  -> (artifact id: '21157e915f5caed40ca718cc2ae03208') in 0.011598 seconds 
  Import took 0.020056 seconds .

========================================================================
Received Import Request.
  Time since last request: 43.542372 seconds.
  path: Assets/Shader/TEST.shadergraph
  artifactKey: Guid(877e3dd1294df704c89a0aadc5bf0e95) Importer(815301076,1909f56bfc062723c751e8b465ee728b)
Start importing Assets/Shader/TEST.shadergraph using Guid(877e3dd1294df704c89a0aadc5bf0e95) Importer(815301076,1909f56bfc062723c751e8b465ee728b)  -> (artifact id: 'b4a735f6dcaca477f9d020ccf7d09bba') in 0.010102 seconds 
  Import took 0.017164 seconds .

========================================================================
Received Import Request.
  Time since last request: 31.244684 seconds.
  path: Assets/Shader/howto do.shadergraph
  artifactKey: Guid(0a1f24e3415c1c44cbcf9aeeaa9bbe74) Importer(815301076,1909f56bfc062723c751e8b465ee728b)
Start importing Assets/Shader/howto do.shadergraph using Guid(0a1f24e3415c1c44cbcf9aeeaa9bbe74) Importer(815301076,1909f56bfc062723c751e8b465ee728b)  -> (artifact id: 'e285eb33e8f884a434790b386da9f1a5') in 0.017051 seconds 
  Import took 0.023474 seconds .

========================================================================
Received Import Request.
  Time since last request: 0.007935 seconds.
  path: Assets/Shader/howto do.shadergraph
  artifactKey: Guid(0a1f24e3415c1c44cbcf9aeeaa9bbe74) Importer(815301076,1909f56bfc062723c751e8b465ee728b)
Start importing Assets/Shader/howto do.shadergraph using Guid(0a1f24e3415c1c44cbcf9aeeaa9bbe74) Importer(815301076,1909f56bfc062723c751e8b465ee728b)  -> (artifact id: 'e285eb33e8f884a434790b386da9f1a5') in 0.008964 seconds 
  Import took 0.017374 seconds .

========================================================================
Received Import Request.
  Time since last request: 123.624071 seconds.
  path: Assets/Shader/howto do.shadergraph
  artifactKey: Guid(0a1f24e3415c1c44cbcf9aeeaa9bbe74) Importer(815301076,1909f56bfc062723c751e8b465ee728b)
Start importing Assets/Shader/howto do.shadergraph using Guid(0a1f24e3415c1c44cbcf9aeeaa9bbe74) Importer(815301076,1909f56bfc062723c751e8b465ee728b)  -> (artifact id: 'a41793894f464894213a0518e09a423a') in 0.008204 seconds 
  Import took 0.014104 seconds .

========================================================================
Received Import Request.
  Time since last request: 0.669068 seconds.
  path: Assets/Shader/howto do.shadergraph
  artifactKey: Guid(0a1f24e3415c1c44cbcf9aeeaa9bbe74) Importer(815301076,1909f56bfc062723c751e8b465ee728b)
Start importing Assets/Shader/howto do.shadergraph using Guid(0a1f24e3415c1c44cbcf9aeeaa9bbe74) Importer(815301076,1909f56bfc062723c751e8b465ee728b)  -> (artifact id: 'a41793894f464894213a0518e09a423a') in 0.007111 seconds 
  Import took 0.016911 seconds .

========================================================================
Received Import Request.
  Time since last request: 20.802717 seconds.
  path: Assets/Shader/OceanMaterial.mat
  artifactKey: Guid(1ee17afbbbb776c4eb53b75c90b2fab5) Importer(815301076,1909f56bfc062723c751e8b465ee728b)
Start importing Assets/Shader/OceanMaterial.mat using Guid(1ee17afbbbb776c4eb53b75c90b2fab5) Importer(815301076,1909f56bfc062723c751e8b465ee728b)  -> (artifact id: '447ffb3d2951b75eff1111c87c7e8e88') in 0.289289 seconds 
  Import took 0.303426 seconds .

========================================================================
Received Import Request.
  Time since last request: 44.523243 seconds.
  path: Assets/Shader/WaterShader.shadergraph
  artifactKey: Guid(4c8da5e76667ac24eb11745bfff4c23c) Importer(815301076,1909f56bfc062723c751e8b465ee728b)
Start importing Assets/Shader/WaterShader.shadergraph using Guid(4c8da5e76667ac24eb11745bfff4c23c) Importer(815301076,1909f56bfc062723c751e8b465ee728b)  -> (artifact id: 'b52450fee4f0f3f90de1d28eaefd97fc') in 0.005670 seconds 
  Import took 0.011269 seconds .

========================================================================
Received Import Request.
  Time since last request: 33.597404 seconds.
  path: Assets/Shader/dasd'.mat
  artifactKey: Guid(3ff29bb9470e4134aa13e84d7b261e2f) Importer(815301076,1909f56bfc062723c751e8b465ee728b)
Start importing Assets/Shader/dasd'.mat using Guid(3ff29bb9470e4134aa13e84d7b261e2f) Importer(815301076,1909f56bfc062723c751e8b465ee728b)  -> (artifact id: '5fb909cf58ee9ade008a436821949e1a') in 0.029292 seconds 
  Import took 0.035377 seconds .

========================================================================
Received Prepare
Registering precompiled user dll's ...
Registered in 0.014574 seconds.
Begin MonoManager ReloadAssembly
Native extension for WindowsStandalone target not found
Native extension for WebGL target not found
Refreshing native plugins compatible for Editor in 0.63 ms, found 4 plugins.
Preloading 0 native plugins for Editor in 0.00 ms.
Mono: successfully reloaded assembly
- Completed reload, in  1.420 seconds
Domain Reload Profiling:
	ReloadAssembly (1421ms)
		BeginReloadAssembly (158ms)
			ExecutionOrderSort (0ms)
			DisableScriptedObjects (8ms)
			BackupInstance (0ms)
			ReleaseScriptingObjects (0ms)
			CreateAndSetChildDomain (47ms)
		EndReloadAssembly (1180ms)
			LoadAssemblies (152ms)
			RebuildTransferFunctionScriptingTraits (0ms)
			SetupTypeCache (442ms)
			ReleaseScriptCaches (2ms)
			RebuildScriptCaches (51ms)
			SetupLoadedEditorAssemblies (374ms)
				LogAssemblyErrors (0ms)
				InitializePlatformSupportModulesInManaged (6ms)
				SetLoadedEditorAssemblies (0ms)
				RefreshPlugins (1ms)
				BeforeProcessingInitializeOnLoad (103ms)
				ProcessInitializeOnLoadAttributes (255ms)
				ProcessInitializeOnLoadMethodAttributes (5ms)
				AfterProcessingInitializeOnLoad (3ms)
				EditorAssembliesLoaded (0ms)
			ExecutionOrderSort2 (0ms)
			AwakeInstancesAfterBackupRestoration (17ms)
Platform modules already initialized, skipping
Shader 'Universal Render Pipeline/Particles/Lit': fallback shader 'Universal Render Pipeline/Particles/SimpleLit' not found
Refreshing native plugins compatible for Editor in 0.76 ms, found 4 plugins.
Preloading 0 native plugins for Editor in 0.00 ms.
Unloading 2621 Unused Serialized files (Serialized files now loaded: 0)
System memory in use before: 124.3 MB.
System memory in use after: 124.5 MB.

Unloading 32 unused Assets to reduce memory usage. Loaded Objects now: 3315.
Total: 4.965900 ms (FindLiveObjects: 0.499600 ms CreateObjectMapping: 0.238400 ms MarkObjects: 4.194500 ms  DeleteObjects: 0.031600 ms)

AssetImportParameters requested are different than current active one (requested -> active):
  custom:framework-win-MediaFoundation: 216162199b28c13a410421893ffa2e32 -> 
  custom:video-decoder-ogg-theora: a1e56fd34408186e4bbccfd4996cb3dc -> 
  custom:container-muxer-webm: aa71ff27fc2769a1b78a27578f13a17b -> 
  custom:container-demuxer-webm: 4f35f7cbe854078d1ac9338744f61a02 -> 
  custom:container-demuxer-ogg: 62fdf1f143b41e24485cea50d1cbac27 -> 
  custom:video-encoder-webm-vp8: eb34c28f22e8b96e1ab97ce403110664 -> 
  custom:video-decoder-webm-vp8: 9c59270c3fd7afecdb556c50c9e8de78 -> 
  custom:audio-decoder-ogg-vorbis: bf7c407c2cedff20999df2af8eb42d56 -> 
  custom:audio-encoder-webm-vorbis: bf7c407c2cedff20999df2af8eb42d56 -> 
========================================================================
Received Import Request.
  Time since last request: 28.774971 seconds.
  path: Assets/Shader/Ocean.shadergraph
  artifactKey: Guid(0a1f24e3415c1c44cbcf9aeeaa9bbe74) Importer(815301076,1909f56bfc062723c751e8b465ee728b)
Start importing Assets/Shader/Ocean.shadergraph using Guid(0a1f24e3415c1c44cbcf9aeeaa9bbe74) Importer(815301076,1909f56bfc062723c751e8b465ee728b)  -> (artifact id: '44e69b3f961e7ab6869ca9fd127ef9ff') in 0.035833 seconds 
  Import took 0.045476 seconds .

========================================================================
Received Prepare
Registering precompiled user dll's ...
Registered in 0.014538 seconds.
Begin MonoManager ReloadAssembly
Native extension for WindowsStandalone target not found
Native extension for WebGL target not found
Refreshing native plugins compatible for Editor in 0.90 ms, found 4 plugins.
Preloading 0 native plugins for Editor in 0.00 ms.
Mono: successfully reloaded assembly
- Completed reload, in  1.855 seconds
Domain Reload Profiling:
	ReloadAssembly (1856ms)
		BeginReloadAssembly (141ms)
			ExecutionOrderSort (0ms)
			DisableScriptedObjects (7ms)
			BackupInstance (0ms)
			ReleaseScriptingObjects (0ms)
			CreateAndSetChildDomain (43ms)
		EndReloadAssembly (1644ms)
			LoadAssemblies (117ms)
			RebuildTransferFunctionScriptingTraits (0ms)
			SetupTypeCache (525ms)
			ReleaseScriptCaches (2ms)
			RebuildScriptCaches (87ms)
			SetupLoadedEditorAssemblies (589ms)
				LogAssemblyErrors (0ms)
				InitializePlatformSupportModulesInManaged (10ms)
				SetLoadedEditorAssemblies (1ms)
				RefreshPlugins (1ms)
				BeforeProcessingInitializeOnLoad (180ms)
				ProcessInitializeOnLoadAttributes (387ms)
				ProcessInitializeOnLoadMethodAttributes (6ms)
				AfterProcessingInitializeOnLoad (4ms)
				EditorAssembliesLoaded (1ms)
			ExecutionOrderSort2 (0ms)
			AwakeInstancesAfterBackupRestoration (25ms)
Platform modules already initialized, skipping
Shader 'Universal Render Pipeline/Particles/Lit': fallback shader 'Universal Render Pipeline/Particles/SimpleLit' not found
Refreshing native plugins compatible for Editor in 1.31 ms, found 4 plugins.
Preloading 0 native plugins for Editor in 0.00 ms.
Unloading 2620 Unused Serialized files (Serialized files now loaded: 0)
System memory in use before: 124.1 MB.
System memory in use after: 124.3 MB.

Unloading 31 unused Assets to reduce memory usage. Loaded Objects now: 3318.
Total: 6.235200 ms (FindLiveObjects: 0.468300 ms CreateObjectMapping: 0.299800 ms MarkObjects: 5.415200 ms  DeleteObjects: 0.050800 ms)

AssetImportParameters requested are different than current active one (requested -> active):
  custom:framework-win-MediaFoundation: 216162199b28c13a410421893ffa2e32 -> 
  custom:video-decoder-ogg-theora: a1e56fd34408186e4bbccfd4996cb3dc -> 
  custom:container-muxer-webm: aa71ff27fc2769a1b78a27578f13a17b -> 
  custom:container-demuxer-webm: 4f35f7cbe854078d1ac9338744f61a02 -> 
  custom:container-demuxer-ogg: 62fdf1f143b41e24485cea50d1cbac27 -> 
  custom:video-encoder-webm-vp8: eb34c28f22e8b96e1ab97ce403110664 -> 
  custom:video-decoder-webm-vp8: 9c59270c3fd7afecdb556c50c9e8de78 -> 
  custom:audio-decoder-ogg-vorbis: bf7c407c2cedff20999df2af8eb42d56 -> 
  custom:audio-encoder-webm-vorbis: bf7c407c2cedff20999df2af8eb42d56 -> 
========================================================================
Received Prepare
Registering precompiled user dll's ...
Registered in 0.013747 seconds.
Begin MonoManager ReloadAssembly
Native extension for WindowsStandalone target not found
Native extension for WebGL target not found
Refreshing native plugins compatible for Editor in 0.78 ms, found 4 plugins.
Preloading 0 native plugins for Editor in 0.00 ms.
Mono: successfully reloaded assembly
- Completed reload, in  2.272 seconds
Domain Reload Profiling:
	ReloadAssembly (2273ms)
		BeginReloadAssembly (276ms)
			ExecutionOrderSort (0ms)
			DisableScriptedObjects (7ms)
			BackupInstance (0ms)
			ReleaseScriptingObjects (0ms)
			CreateAndSetChildDomain (111ms)
		EndReloadAssembly (1885ms)
			LoadAssemblies (202ms)
			RebuildTransferFunctionScriptingTraits (0ms)
			SetupTypeCache (490ms)
			ReleaseScriptCaches (4ms)
			RebuildScriptCaches (81ms)
			SetupLoadedEditorAssemblies (884ms)
				LogAssemblyErrors (0ms)
				InitializePlatformSupportModulesInManaged (6ms)
				SetLoadedEditorAssemblies (1ms)
				RefreshPlugins (1ms)
				BeforeProcessingInitializeOnLoad (274ms)
				ProcessInitializeOnLoadAttributes (591ms)
				ProcessInitializeOnLoadMethodAttributes (8ms)
				AfterProcessingInitializeOnLoad (3ms)
				EditorAssembliesLoaded (1ms)
			ExecutionOrderSort2 (0ms)
			AwakeInstancesAfterBackupRestoration (29ms)
Platform modules already initialized, skipping
Shader 'Universal Render Pipeline/Particles/Lit': fallback shader 'Universal Render Pipeline/Particles/SimpleLit' not found
Refreshing native plugins compatible for Editor in 0.91 ms, found 4 plugins.
Preloading 0 native plugins for Editor in 0.00 ms.
Unloading 2620 Unused Serialized files (Serialized files now loaded: 0)
System memory in use before: 124.1 MB.
System memory in use after: 124.3 MB.

Unloading 31 unused Assets to reduce memory usage. Loaded Objects now: 3321.
Total: 3.769400 ms (FindLiveObjects: 0.410000 ms CreateObjectMapping: 0.219200 ms MarkObjects: 3.112000 ms  DeleteObjects: 0.027000 ms)

AssetImportParameters requested are different than current active one (requested -> active):
  custom:framework-win-MediaFoundation: 216162199b28c13a410421893ffa2e32 -> 
  custom:video-decoder-ogg-theora: a1e56fd34408186e4bbccfd4996cb3dc -> 
  custom:container-muxer-webm: aa71ff27fc2769a1b78a27578f13a17b -> 
  custom:container-demuxer-webm: 4f35f7cbe854078d1ac9338744f61a02 -> 
  custom:container-demuxer-ogg: 62fdf1f143b41e24485cea50d1cbac27 -> 
  custom:video-encoder-webm-vp8: eb34c28f22e8b96e1ab97ce403110664 -> 
  custom:video-decoder-webm-vp8: 9c59270c3fd7afecdb556c50c9e8de78 -> 
  custom:audio-decoder-ogg-vorbis: bf7c407c2cedff20999df2af8eb42d56 -> 
  custom:audio-encoder-webm-vorbis: bf7c407c2cedff20999df2af8eb42d56 -> 
========================================================================
Received Prepare
Registering precompiled user dll's ...
Registered in 0.014886 seconds.
Begin MonoManager ReloadAssembly
Native extension for WindowsStandalone target not found
Native extension for WebGL target not found
Refreshing native plugins compatible for Editor in 1.00 ms, found 4 plugins.
Preloading 0 native plugins for Editor in 0.00 ms.
Mono: successfully reloaded assembly
- Completed reload, in  1.267 seconds
Domain Reload Profiling:
	ReloadAssembly (1267ms)
		BeginReloadAssembly (111ms)
			ExecutionOrderSort (0ms)
			DisableScriptedObjects (4ms)
			BackupInstance (0ms)
			ReleaseScriptingObjects (0ms)
			CreateAndSetChildDomain (31ms)
		EndReloadAssembly (1089ms)
			LoadAssemblies (132ms)
			RebuildTransferFunctionScriptingTraits (0ms)
			SetupTypeCache (406ms)
			ReleaseScriptCaches (1ms)
			RebuildScriptCaches (51ms)
			SetupLoadedEditorAssemblies (342ms)
				LogAssemblyErrors (0ms)
				InitializePlatformSupportModulesInManaged (5ms)
				SetLoadedEditorAssemblies (0ms)
				RefreshPlugins (1ms)
				BeforeProcessingInitializeOnLoad (101ms)
				ProcessInitializeOnLoadAttributes (227ms)
				ProcessInitializeOnLoadMethodAttributes (4ms)
				AfterProcessingInitializeOnLoad (3ms)
				EditorAssembliesLoaded (0ms)
			ExecutionOrderSort2 (0ms)
			AwakeInstancesAfterBackupRestoration (17ms)
Platform modules already initialized, skipping
Shader 'Universal Render Pipeline/Particles/Lit': fallback shader 'Universal Render Pipeline/Particles/SimpleLit' not found
Refreshing native plugins compatible for Editor in 1.34 ms, found 4 plugins.
Preloading 0 native plugins for Editor in 0.00 ms.
Unloading 2620 Unused Serialized files (Serialized files now loaded: 0)
System memory in use before: 124.1 MB.
System memory in use after: 124.3 MB.

Unloading 31 unused Assets to reduce memory usage. Loaded Objects now: 3324.
Total: 3.029400 ms (FindLiveObjects: 0.407800 ms CreateObjectMapping: 0.164100 ms MarkObjects: 2.434000 ms  DeleteObjects: 0.021900 ms)

AssetImportParameters requested are different than current active one (requested -> active):
  custom:framework-win-MediaFoundation: 216162199b28c13a410421893ffa2e32 -> 
  custom:video-decoder-ogg-theora: a1e56fd34408186e4bbccfd4996cb3dc -> 
  custom:container-muxer-webm: aa71ff27fc2769a1b78a27578f13a17b -> 
  custom:container-demuxer-webm: 4f35f7cbe854078d1ac9338744f61a02 -> 
  custom:container-demuxer-ogg: 62fdf1f143b41e24485cea50d1cbac27 -> 
  custom:video-encoder-webm-vp8: eb34c28f22e8b96e1ab97ce403110664 -> 
  custom:video-decoder-webm-vp8: 9c59270c3fd7afecdb556c50c9e8de78 -> 
  custom:audio-decoder-ogg-vorbis: bf7c407c2cedff20999df2af8eb42d56 -> 
  custom:audio-encoder-webm-vorbis: bf7c407c2cedff20999df2af8eb42d56 -> 
========================================================================
Received Import Request.
  Time since last request: 811.933407 seconds.
  path: Assets/Shader/OceanMaterial.mat
  artifactKey: Guid(1ee17afbbbb776c4eb53b75c90b2fab5) Importer(815301076,1909f56bfc062723c751e8b465ee728b)
Start importing Assets/Shader/OceanMaterial.mat using Guid(1ee17afbbbb776c4eb53b75c90b2fab5) Importer(815301076,1909f56bfc062723c751e8b465ee728b)  -> (artifact id: '2f6809d425a50d42780862bc051fd5bc') in 0.208426 seconds 
  Import took 0.214169 seconds .

AssetImportWorkerClient::OnTransportError - code=2 error=End of file
